TASK 1: Data Ingestion
Preparing zone data before trip data ingestion...
Ingesting yellow taxi trip data...
Reading files...
Renaming columns...
Fixing column values (mapping to consistent values, dtypes, locationids to (lat,lng) centroids etc.)...
Ingesting green taxi trip data...
Reading files...
Renaming columns...
Fixing column values (mapping to consistent values, dtypes, locationids to (lat,lng) centroids etc.)...
Ingesting fhv trip data...
Reading files...
Renaming columns...
Fixing column values (mapping to consistent values, dtypes, locationids to (lat,lng) centroids etc.)...
Ingesting fhvhv trip data...
Reading files...
Renaming columns...
Fixing column values (mapping to consistent values, dtypes, locationids to (lat,lng) centroids etc.)...
TASK 2: Data Cleaning
Running data cleaning for yellow taxi trip data...
Found 461 parquet files in data/T1/yellow_tripdata
Computing stats...
Saving cleaned data...
Running data cleaning for green taxi trip data...
Found 286 parquet files in data/T1/green_tripdata
Computing stats...
Saving cleaned data...
Running data cleaning for fhv trip data...
Found 125 parquet files in data/T1/fhv_tripdata
Computing stats...
Saving cleaned data...
Running data cleaning for fhvhv trip data...
Found 120 parquet files in data/T1/fhvhv_tripdata
Computing stats...
Saving cleaned data...
Pipeline completed successfully.
